{"synthetic": false,
 "schemaVersion": "2025-09-10",
 "outputs":
 {"o": ["721025c25d09b7ab.olean"],
  "i": "953301caa5cab8eb.ilean",
  "c": "e4cbfda5529f4fda.c"},
 "log":
 [{"message":
   ".> LEAN_PATH=/Users/shivanshgour/Downloads/udc/UnitDistance/.lake/packages/Cli/.lake/build/lib/lean:/Users/shivanshgour/Downloads/udc/UnitDistance/.lake/packages/batteries/.lake/build/lib/lean:/Users/shivanshgour/Downloads/udc/UnitDistance/.lake/packages/Qq/.lake/build/lib/lean:/Users/shivanshgour/Downloads/udc/UnitDistance/.lake/packages/aesop/.lake/build/lib/lean:/Users/shivanshgour/Downloads/udc/UnitDistance/.lake/packages/proofwidgets/.lake/build/lib/lean:/Users/shivanshgour/Downloads/udc/UnitDistance/.lake/packages/importGraph/.lake/build/lib/lean:/Users/shivanshgour/Downloads/udc/UnitDistance/.lake/packages/LeanSearchClient/.lake/build/lib/lean:/Users/shivanshgour/Downloads/udc/UnitDistance/.lake/packages/plausible/.lake/build/lib/lean:/Users/shivanshgour/Downloads/udc/UnitDistance/.lake/packages/mathlib/.lake/build/lib/lean:/Users/shivanshgour/Downloads/udc/UnitDistance/.worktrees/chunk-0-1/.lake/build/lib/lean /Users/shivanshgour/.elan/toolchains/leanprover--lean4---v4.29.1/bin/lean /Users/shivanshgour/Downloads/udc/UnitDistance/.worktrees/chunk-0-1/UnitDistance/C01_UnitDistanceFunctions.lean -o /Users/shivanshgour/Downloads/udc/UnitDistance/.worktrees/chunk-0-1/.lake/build/lib/lean/UnitDistance/C01_UnitDistanceFunctions.olean -i /Users/shivanshgour/Downloads/udc/UnitDistance/.worktrees/chunk-0-1/.lake/build/lib/lean/UnitDistance/C01_UnitDistanceFunctions.ilean -c /Users/shivanshgour/Downloads/udc/UnitDistance/.worktrees/chunk-0-1/.lake/build/ir/UnitDistance/C01_UnitDistanceFunctions.c --setup /Users/shivanshgour/Downloads/udc/UnitDistance/.worktrees/chunk-0-1/.lake/build/ir/UnitDistance/C01_UnitDistanceFunctions.setup.json --json",
   "level": "trace"}],
 "inputs":
 [["UnitDistance.C01_UnitDistanceFunctions:deps",
   [["deps",
     [["UnitDistance/UnitDistance:extraDep",
       [["@UnitDistance:extraDep", "00000000000006bb"]]],
      ["imports",
       [["Mathlib transitive imports (legacy)", "8cfe4116a07021e9"],
        ["Mathlib:importAllArts", "1f979cbc8a135c61"]]]]],
    ["libs",
     [["import dynlibs", "00000000000006bb"],
      ["package external libraries", "00000000000006bb"],
      ["module dynlibs", "00000000000006bb"],
      ["module plugins", "00000000000006bb"]]]]],
  ["Lean 4.29.1, commit f72c35b3f637c8c6571d353742168ab66cc22c00",
   "fa77a35a41db35c0"],
  ["/Users/shivanshgour/Downloads/udc/UnitDistance/.worktrees/chunk-0-1/UnitDistance/C01_UnitDistanceFunctions.lean",
   "e79edaa9f5418ed9"],
  ["options",
   [["-DmaxSynthPendingDepth=3", "c78e353d34de85d4"],
    ["-Dweak.linter.mathlibStandardSet=true", "8a155799906f2b42"],
    ["-DrelaxedAutoImplicit=false", "74a2b5546b55be80"],
    ["-Dpp.unicode.fun=true", "9b94070140457fab"]]],
  ["isModule: false", "feefd2a0d3a1847e"],
  ["Module.name: UnitDistance.C01_UnitDistanceFunctions", "7b9b3da83621dd39"],
  ["Package.id?: (some UnitDistance)", "592600f068dc85f3"],
  ["Module.leanArgs: #[]", "00000000000006bb"]],
 "depHash": "06e8ed7ea0ddcb21"}