{"synthetic": false,
 "schemaVersion": "2025-09-10",
 "outputs":
 {"o": ["526e1a61fb73f258.olean"],
  "i": "21a8ceed0d9f1471.ilean",
  "c": "cf181401ed535ec0.c"},
 "log":
 [{"message":
   ".> LEAN_PATH=/Users/shivanshgour/Downloads/udc/UnitDistance/.lake/packages/Cli/.lake/build/lib/lean:/Users/shivanshgour/Downloads/udc/UnitDistance/.lake/packages/batteries/.lake/build/lib/lean:/Users/shivanshgour/Downloads/udc/UnitDistance/.lake/packages/Qq/.lake/build/lib/lean:/Users/shivanshgour/Downloads/udc/UnitDistance/.lake/packages/aesop/.lake/build/lib/lean:/Users/shivanshgour/Downloads/udc/UnitDistance/.lake/packages/proofwidgets/.lake/build/lib/lean:/Users/shivanshgour/Downloads/udc/UnitDistance/.lake/packages/importGraph/.lake/build/lib/lean:/Users/shivanshgour/Downloads/udc/UnitDistance/.lake/packages/LeanSearchClient/.lake/build/lib/lean:/Users/shivanshgour/Downloads/udc/UnitDistance/.lake/packages/plausible/.lake/build/lib/lean:/Users/shivanshgour/Downloads/udc/UnitDistance/.lake/packages/mathlib/.lake/build/lib/lean:/Users/shivanshgour/Downloads/udc/UnitDistance/.worktrees/chunk-0-3/.lake/build/lib/lean /Users/shivanshgour/.elan/toolchains/leanprover--lean4---v4.29.1/bin/lean /Users/shivanshgour/Downloads/udc/UnitDistance/.worktrees/chunk-0-3/UnitDistance/C03_BasicFieldConventions.lean -o /Users/shivanshgour/Downloads/udc/UnitDistance/.worktrees/chunk-0-3/.lake/build/lib/lean/UnitDistance/C03_BasicFieldConventions.olean -i /Users/shivanshgour/Downloads/udc/UnitDistance/.worktrees/chunk-0-3/.lake/build/lib/lean/UnitDistance/C03_BasicFieldConventions.ilean -c /Users/shivanshgour/Downloads/udc/UnitDistance/.worktrees/chunk-0-3/.lake/build/ir/UnitDistance/C03_BasicFieldConventions.c --setup /Users/shivanshgour/Downloads/udc/UnitDistance/.worktrees/chunk-0-3/.lake/build/ir/UnitDistance/C03_BasicFieldConventions.setup.json --json",
   "level": "trace"}],
 "inputs":
 [["UnitDistance.C03_BasicFieldConventions:deps",
   [["deps",
     [["UnitDistance/UnitDistance:extraDep",
       [["@UnitDistance:extraDep", "00000000000006bb"]]],
      ["imports",
       [["Mathlib transitive imports (legacy)", "8cfe4116a07021e9"],
        ["Mathlib:importAllArts", "1f979cbc8a135c61"]]]]],
    ["libs",
     [["import dynlibs", "00000000000006bb"],
      ["package external libraries", "00000000000006bb"],
      ["module dynlibs", "00000000000006bb"],
      ["module plugins", "00000000000006bb"]]]]],
  ["Lean 4.29.1, commit f72c35b3f637c8c6571d353742168ab66cc22c00",
   "fa77a35a41db35c0"],
  ["/Users/shivanshgour/Downloads/udc/UnitDistance/.worktrees/chunk-0-3/UnitDistance/C03_BasicFieldConventions.lean",
   "c561641ea7b40e42"],
  ["options",
   [["-DmaxSynthPendingDepth=3", "c78e353d34de85d4"],
    ["-Dweak.linter.mathlibStandardSet=true", "8a155799906f2b42"],
    ["-DrelaxedAutoImplicit=false", "74a2b5546b55be80"],
    ["-Dpp.unicode.fun=true", "9b94070140457fab"]]],
  ["isModule: false", "feefd2a0d3a1847e"],
  ["Module.name: UnitDistance.C03_BasicFieldConventions", "6ac6cc0034abd6d2"],
  ["Package.id?: (some UnitDistance)", "592600f068dc85f3"],
  ["Module.leanArgs: #[]", "00000000000006bb"]],
 "depHash": "aee7da0593237b0b"}