{"synthetic": false,
 "schemaVersion": "2025-09-10",
 "outputs":
 {"o": ["ffc0ff5a260bef80.olean"],
  "i": "593054d1e6442c8c.ilean",
  "c": "93dfe8d6d6a2a2a4.c"},
 "log":
 [{"message":
   ".> LEAN_PATH=/Users/shivanshgour/Downloads/udc/UnitDistance/.lake/packages/Cli/.lake/build/lib/lean:/Users/shivanshgour/Downloads/udc/UnitDistance/.lake/packages/batteries/.lake/build/lib/lean:/Users/shivanshgour/Downloads/udc/UnitDistance/.lake/packages/Qq/.lake/build/lib/lean:/Users/shivanshgour/Downloads/udc/UnitDistance/.lake/packages/aesop/.lake/build/lib/lean:/Users/shivanshgour/Downloads/udc/UnitDistance/.lake/packages/proofwidgets/.lake/build/lib/lean:/Users/shivanshgour/Downloads/udc/UnitDistance/.lake/packages/importGraph/.lake/build/lib/lean:/Users/shivanshgour/Downloads/udc/UnitDistance/.lake/packages/LeanSearchClient/.lake/build/lib/lean:/Users/shivanshgour/Downloads/udc/UnitDistance/.lake/packages/plausible/.lake/build/lib/lean:/Users/shivanshgour/Downloads/udc/UnitDistance/.lake/packages/mathlib/.lake/build/lib/lean:/Users/shivanshgour/Downloads/udc/UnitDistance/.lake/build/lib/lean /Users/shivanshgour/.elan/toolchains/leanprover--lean4---v4.29.1/bin/lean /Users/shivanshgour/Downloads/udc/UnitDistance/UnitDistance/C11_ProPGroups.lean -o /Users/shivanshgour/Downloads/udc/UnitDistance/.lake/build/lib/lean/UnitDistance/C11_ProPGroups.olean -i /Users/shivanshgour/Downloads/udc/UnitDistance/.lake/build/lib/lean/UnitDistance/C11_ProPGroups.ilean -c /Users/shivanshgour/Downloads/udc/UnitDistance/.lake/build/ir/UnitDistance/C11_ProPGroups.c --setup /Users/shivanshgour/Downloads/udc/UnitDistance/.lake/build/ir/UnitDistance/C11_ProPGroups.setup.json --json",
   "level": "trace"},
  {"message":
   "UnitDistance/C11_ProPGroups.lean:76:5: unused variable `hd`\n\nNote: This linter can be disabled with `set_option linter.unusedVariables false`",
   "level": "warning"}],
 "inputs":
 [["UnitDistance.C11_ProPGroups:deps",
   [["deps",
     [["UnitDistance/UnitDistance:extraDep",
       [["@UnitDistance:extraDep", "00000000000006bb"]]],
      ["imports",
       [["Mathlib transitive imports (legacy)", "8cfe4116a07021e9"],
        ["Mathlib:importAllArts", "1f979cbc8a135c61"],
        ["UnitDistance.CinfraProPGroupType transitive imports (legacy)",
         "ef60c7a2c20917df"],
        ["UnitDistance.CinfraProPGroupType:importAllArts",
         "040502bcef3753a5"]]]]],
    ["libs",
     [["import dynlibs", "00000000000006bb"],
      ["package external libraries", "00000000000006bb"],
      ["module dynlibs", "00000000000006bb"],
      ["module plugins", "00000000000006bb"]]]]],
  ["Lean 4.29.1, commit f72c35b3f637c8c6571d353742168ab66cc22c00",
   "fa77a35a41db35c0"],
  ["/Users/shivanshgour/Downloads/udc/UnitDistance/UnitDistance/C11_ProPGroups.lean",
   "6e07bd3e5ab597be"],
  ["options",
   [["-DmaxSynthPendingDepth=3", "c78e353d34de85d4"],
    ["-Dweak.linter.mathlibStandardSet=true", "8a155799906f2b42"],
    ["-DrelaxedAutoImplicit=false", "74a2b5546b55be80"],
    ["-Dpp.unicode.fun=true", "9b94070140457fab"]]],
  ["isModule: false", "feefd2a0d3a1847e"],
  ["Module.name: UnitDistance.C11_ProPGroups", "1e1b7afd210f699a"],
  ["Package.id?: (some UnitDistance)", "592600f068dc85f3"],
  ["Module.leanArgs: #[]", "00000000000006bb"]],
 "depHash": "27d51454f383829c"}